<?xml version="1.0" encoding="UTF-8"?>
<!-- Generated by org.testng.reporters.JUnitReportReporter -->
<testsuite hostname="DESKTOP-495KPCC" failures="0" tests="1" name="org.facebook.Facebook" time="22.836" errors="0" timestamp="2023-12-13T13:08:01 IST" skipped="0">
  <testcase classname="org.facebook.Facebook" name="testMethod" time="22.836"/>
  <system-out/>
</testsuite> <!-- org.facebook.Facebook -->
