<?xml version="1.0" encoding="UTF-8"?>
<!-- Generated by org.testng.reporters.JUnitReportReporter -->
<testsuite hostname="DESKTOP-495KPCC" failures="0" tests="1" name="org.facebook.Facebook" time="27.267" errors="0" timestamp="2023-12-13T12:35:35 IST" skipped="0">
  <testcase classname="org.facebook.Facebook" name="testMethod" time="27.267"/>
  <system-out/>
</testsuite> <!-- org.facebook.Facebook -->
