<?xml version="1.0" encoding="UTF-8"?>
<!-- Generated by org.testng.reporters.JUnitReportReporter -->
<testsuite hostname="DESKTOP-495KPCC" failures="0" tests="1" name="org.facebook.Facebook" time="9.323" errors="0" timestamp="2023-12-13T14:11:51 IST" skipped="0">
  <testcase classname="org.facebook.Facebook" name="testMethod" time="9.323"/>
  <system-out/>
</testsuite> <!-- org.facebook.Facebook -->
